atomschis.scl
capurso.scl
cet100c.scl
ellis.scl
ellis_eb.scl
ellis_r.scl
farey12_116.scl
goebel.scl
graupner.scl
hammond12.scl
handel2.scl
hanfling-bumler.scl
hinrichsen.scl
hummel.scl
hummel2.scl
jousse2.scl
meanten.scl
monzo_sumerian_2place12.scl
monzo_sumerian_simp12.scl
neidhardt4.scl
pykett_dorset.scl
pyle.scl
schroeter.scl
schulter_12.scl
silver.scl
stevin.scl
temp12eb46o.scl
temp12eb46o2.scl
temp12ebf.scl
temp12ebfo2o.scl
temp12ebfr.scl
temp12fo2o.scl
temp12to1o.scl
temp12to2o.scl
tuners2.scl
